#
# A fatal error has been detected by the Java Runtime Environment:
#
#  EXCEPTION_ACCESS_VIOLATION (0xc0000005) at pc=0x00007ffa82001bcd, pid=17484, tid=16580
#
# JRE version:  (19.0.2+7) (build )
# Java VM: OpenJDK 64-Bit Server VM (19.0.2+7-FR, mixed mode, sharing, tiered, unknown gc, windows-amd64)
# Problematic frame:
# C  [jimage.dll+0x1bcd]
#
# No core dump will be written. Minidumps are not enabled by default on client versions of Windows
#
#

---------------  S U M M A R Y ------------

Command Line: 

Host: Intel(R) Core(TM) i7-4500U CPU @ 1.80GHz, 4 cores, 7G,  Windows 11 , 64 bit Build 22000 (10.0.22000.2538)
Time: Fri Mar 28 18:38:53 2025 Hora oficial do Brasil elapsed time: 2.312892 seconds (0d 0h 0m 2s)

---------------  T H R E A D  ---------------

Current thread is native thread

Stack: [0x0000002ce9e00000,0x0000002ce9f00000],  sp=0x0000002ce9efd4d0,  free space=1013k
Native frames: (J=compiled Java code, j=interpreted, Vv=VM code, C=native code)
C  [jimage.dll+0x1bcd]
C  [jimage.dll+0x1d5b]
C  [jimage.dll+0x2639]
V  [jvm.dll+0x22215a]
V  [jvm.dll+0xe1992]
V  [jvm.dll+0x82eb23]
V  [jvm.dll+0x43a3c3]
V  [jvm.dll+0x43bdf1]
C  [jli.dll+0x519f]
C  [ucrtbase.dll+0x26c0c]
C  [KERNEL32.DLL+0x153e0]
C  [ntdll.dll+0x485b]


siginfo: EXCEPTION_ACCESS_VIOLATION (0xc0000005), reading address 0x000000000001b454


Registers:
RAX=0x0000000000006d0e, RBX=0x0000002ce9efd5c1, RCX=0x00007ffa82006000, RDX=0x0000000000006d0e
RSP=0x0000002ce9efd4d0, RBP=0x0000002ce9efd5c0, RSI=0x000000000000745f, RDI=0x0000002ce9efd5c0
R8 =0x00007ffa82004278, R9 =0x000000000000001c, R10=0x00007ffa62293700, R11=0x00007ffa82006000
R12=0x0000000000000000, R13=0x0000002ce9effa20, R14=0x0000002ce9efe630, R15=0x00007ffa622937e0
RIP=0x00007ffa82001bcd, EFLAGS=0x0000000000010246


Top of Stack: (sp=0x0000002ce9efd4d0)
0x0000002ce9efd4d0:   0000002ce9efd6e0 00007ffaad0001ac
0x0000002ce9efd4e0:   000001b059a10b44 0000002ce9efd6b8
0x0000002ce9efd4f0:   000001b059bad510 00007ffa82001d5b
0x0000002ce9efd500:   000000000000000b 000001b059bad510
0x0000002ce9efd510:   00000000000006f5 00000000000006f5
0x0000002ce9efd520:   00000000000006f5 00007ffaa5401dfa
0x0000002ce9efd530:   000001b059ab30d0 000001b0ad0001ac
0x0000002ce9efd540:   000001b059ab0000 00000000000003ff
0x0000002ce9efd550:   00000000000006f5 000001b05bd50080
0x0000002ce9efd560:   0000c8c8bda1f2db 000001b059ab0150
0x0000002ce9efd570:   00007ffa62273810 0000000000000017
0x0000002ce9efd580:   000001b059bad510 0000002ce9efe630
0x0000002ce9efd590:   000000000000000b 00007ffa82002639
0x0000002ce9efd5a0:   000001b059ab0000 00007ffa000003ff
0x0000002ce9efd5b0:   000000000000070b 000001b05bd55f20
0x0000002ce9efd5c0:   61622e6176616a2f 692f6b646a2f6573 

Instructions: (pc=0x00007ffa82001bcd)
0x00007ffa82001acd:   48 85 c9 74 1d 80 3d 37 45 00 00 00 74 06 48 8b
0x00007ffa82001add:   53 18 eb 04 48 8b 53 40 e8 ae 0e 00 00 48 83 63
0x00007ffa82001aed:   48 00 8b 4b 0c 83 f9 ff 74 09 e8 e4 0c 00 00 83
0x00007ffa82001afd:   4b 0c ff 48 8b 4b 70 48 85 c9 74 0f ba 10 00 00
0x00007ffa82001b0d:   00 e8 05 0f 00 00 48 83 63 70 00 48 83 c4 20 5b
0x00007ffa82001b1d:   c3 cc cc 40 53 48 83 ec 20 48 8b d9 48 8d 0d f0
0x00007ffa82001b2d:   46 00 00 e8 b3 0c 00 00 83 6b 08 01 75 24 48 8b
0x00007ffa82001b3d:   d3 48 8d 0d d3 44 00 00 e8 22 08 00 00 48 8b cb
0x00007ffa82001b4d:   e8 de fe ff ff ba 78 00 00 00 48 8b cb e8 b9 0e
0x00007ffa82001b5d:   00 00 48 8d 0d ba 46 00 00 48 83 c4 20 5b e9 80
0x00007ffa82001b6d:   0c 00 00 48 89 5c 24 08 48 89 74 24 10 57 48 83
0x00007ffa82001b7d:   ec 20 41 8b f1 4d 8b c8 48 8b fa 4c 8b d9 4d 85
0x00007ffa82001b8d:   c0 74 78 85 f6 74 74 44 8a 12 48 8d 5a 01 48 8b
0x00007ffa82001b9d:   d3 b8 93 01 00 01 eb 12 69 c0 93 01 00 01 41 0f
0x00007ffa82001bad:   b6 ca 44 8a 12 33 c1 48 ff c2 45 84 d2 75 e9 4d
0x00007ffa82001bbd:   8b 03 0f ba f0 1f 33 d2 49 8b cb f7 f6 48 63 c2
0x00007ffa82001bcd:   41 8b 14 81 41 ff 50 08 85 c0 7e 24 8a 0f eb 10
0x00007ffa82001bdd:   69 c0 93 01 00 01 0f b6 c9 33 c1 8a 0b 48 ff c3
0x00007ffa82001bed:   84 c9 75 ec 0f ba f0 1f 33 d2 f7 f6 8b c2 eb 0e
0x00007ffa82001bfd:   79 09 83 c9 ff 2b c8 8b c1 eb 03 83 c8 ff 48 8b
0x00007ffa82001c0d:   5c 24 30 48 8b 74 24 38 48 83 c4 20 5f c3 cc 48
0x00007ffa82001c1d:   89 5c 24 08 48 89 74 24 10 57 48 83 ec 20 48 8b
0x00007ffa82001c2d:   f1 48 8d 0d eb 45 00 00 e8 ae 0b 00 00 33 ff 39
0x00007ffa82001c3d:   3d d6 43 00 00 76 24 48 8b 05 d5 43 00 00 48 8b
0x00007ffa82001c4d:   d6 48 8b 1c f8 48 8b 0b e8 c6 1e 00 00 85 c0 74
0x00007ffa82001c5d:   2b ff c7 3b 3d b2 43 00 00 72 dc 33 db 48 8d 0d
0x00007ffa82001c6d:   af 45 00 00 e8 7a 0b 00 00 48 8b 74 24 38 48 8b
0x00007ffa82001c7d:   c3 48 8b 5c 24 30 48 83 c4 20 5f c3 ff 43 08 eb
0x00007ffa82001c8d:   dc cc cc 48 89 5c 24 08 48 89 74 24 10 57 48 83
0x00007ffa82001c9d:   ec 20 48 8b d9 48 8b f2 48 8b 49 10 49 8b f8 8b
0x00007ffa82001cad:   53 30 48 8b 01 ff 50 20 4c 8b 43 50 48 8b d6 48
0x00007ffa82001cbd:   8b 4b 10 44 8b c8 e8 a8 fe ff ff 83 f8 ff 74 38 



---------------  P R O C E S S  ---------------

VM state: not at safepoint (not fully initialized)

VM Mutex/Monitor currently owned by a thread: None

GC Precious Log:
<Not initialized>


Dynamic libraries:
0x00007ff68cf90000 - 0x00007ff68cf9d000 	C:\Users\Carla\.jdks\corretto-19.0.2\bin\java.exe
0x00007ffaa53e0000 - 0x00007ffaa55e9000 	C:\Windows\SYSTEM32\ntdll.dll
0x00007ffaa3230000 - 0x00007ffaa32ed000 	C:\Windows\System32\KERNEL32.DLL
0x00007ffaa2c50000 - 0x00007ffaa2fd4000 	C:\Windows\System32\KERNELBASE.dll
0x00007ffaa2a10000 - 0x00007ffaa2b21000 	C:\Windows\System32\ucrtbase.dll
0x00007ffa86e40000 - 0x00007ffa86e55000 	C:\Users\Carla\.jdks\corretto-19.0.2\bin\VCRUNTIME140.dll
0x00007ffa86e20000 - 0x00007ffa86e37000 	C:\Users\Carla\.jdks\corretto-19.0.2\bin\jli.dll
0x00007ffaa37c0000 - 0x00007ffaa396d000 	C:\Windows\System32\USER32.dll
0x00007ffa94ca0000 - 0x00007ffa94f45000 	C:\Windows\WinSxS\amd64_microsoft.windows.common-controls_6595b64144ccf1df_6.0.22000.120_none_9d947278b86cc467\COMCTL32.dll
0x00007ffaa2870000 - 0x00007ffaa2896000 	C:\Windows\System32\win32u.dll
0x00007ffaa39f0000 - 0x00007ffaa3a93000 	C:\Windows\System32\msvcrt.dll
0x00007ffaa45e0000 - 0x00007ffaa460a000 	C:\Windows\System32\GDI32.dll
0x00007ffaa2b30000 - 0x00007ffaa2c4e000 	C:\Windows\System32\gdi32full.dll
0x00007ffaa3190000 - 0x00007ffaa322d000 	C:\Windows\System32\msvcp_win.dll
0x00007ffaa3aa0000 - 0x00007ffaa3ad1000 	C:\Windows\System32\IMM32.DLL
0x00007ffa74a30000 - 0x00007ffa74acb000 	C:\Users\Carla\.jdks\corretto-19.0.2\bin\msvcp140.dll
0x00007ffa61900000 - 0x00007ffa625d9000 	C:\Users\Carla\.jdks\corretto-19.0.2\bin\server\jvm.dll
0x00007ffaa3ae0000 - 0x00007ffaa3b8e000 	C:\Windows\System32\ADVAPI32.dll
0x00007ffaa4540000 - 0x00007ffaa45de000 	C:\Windows\System32\sechost.dll
0x00007ffaa3610000 - 0x00007ffaa3731000 	C:\Windows\System32\RPCRT4.dll
0x00007ffa88100000 - 0x00007ffa88133000 	C:\Windows\SYSTEM32\WINMM.dll
0x00007ffa8f490000 - 0x00007ffa8f499000 	C:\Windows\SYSTEM32\WSOCK32.dll
0x00007ffa95620000 - 0x00007ffa9562a000 	C:\Windows\SYSTEM32\VERSION.dll
0x00007ffaa3970000 - 0x00007ffaa39df000 	C:\Windows\System32\WS2_32.dll
0x00007ffaa19d0000 - 0x00007ffaa19e8000 	C:\Windows\SYSTEM32\kernel.appcore.dll
0x00007ffa82000000 - 0x00007ffa8200a000 	C:\Users\Carla\.jdks\corretto-19.0.2\bin\jimage.dll
0x00007ffa94f70000 - 0x00007ffa95191000 	C:\Windows\SYSTEM32\DBGHELP.DLL
0x00007ffa8e8d0000 - 0x00007ffa8e901000 	C:\Windows\SYSTEM32\dbgcore.DLL
0x00007ffaa30a0000 - 0x00007ffaa311f000 	C:\Windows\System32\bcryptPrimitives.dll

dbghelp: loaded successfully - version: 4.0.5 - missing functions: none
symbol engine: initialized successfully - sym options: 0x614 - pdb path: .;C:\Users\Carla\.jdks\corretto-19.0.2\bin;C:\Windows\SYSTEM32;C:\Windows\WinSxS\amd64_microsoft.windows.common-controls_6595b64144ccf1df_6.0.22000.120_none_9d947278b86cc467;C:\Users\Carla\.jdks\corretto-19.0.2\bin\server

VM Arguments:
java_command: <unknown>
java_class_path (initial): <not set>
Launcher Type: SUN_STANDARD

[Global flags]
     bool UseLargePagesIndividualAllocation        = false                                  {pd product} {ergonomic}

Logging:
Log output configuration:
 #0: stdout all=warning uptime,level,tags foldmultilines=false
 #1: stderr all=off uptime,level,tags foldmultilines=false

Environment Variables:
PATH=C:\Program Files (x86)\Common Files\Intel\Shared Libraries\redist\intel64\compiler;C:\Windows\system32;C:\Windows;C:\Windows\System32\Wbem;C:\Windows\System32\WindowsPowerShell\v1.0\;C:\Windows\System32\OpenSSH\;C:\Program Files\Git\cmd;C:\Program Files (x86)\sqlite3;C:\Users\Carla\.console-ninja\.bin;C:\Users\Carla\AppData\Local\Programs\Python\Python312\Scripts\;C:\Users\Carla\AppData\Local\Programs\Python\Python312\;C:\Users\Carla\AppData\Local\Microsoft\WindowsApps;C:\Users\Carla\AppData\Local\Programs\Microsoft VS Code\bin;C:\Users\Carla\AppData\Local\GitHubDesktop\bin;C:\Program Files\JetBrains\IntelliJ IDEA 2024.2.0.2\bin;
USERNAME=Carla
OS=Windows_NT
PROCESSOR_IDENTIFIER=Intel64 Family 6 Model 69 Stepping 1, GenuineIntel
TMP=C:\Users\Carla\AppData\Local\Temp
TEMP=C:\Users\Carla\AppData\Local\Temp



---------------  S Y S T E M  ---------------

OS:
 Windows 11 , 64 bit Build 22000 (10.0.22000.2538)
OS uptime: 2 days 18:20 hours

CPU: total 4 (initial active 0) 

Memory: 4k page, system-wide physical 8091M (532M free)
TotalPageFile size 11795M (AvailPageFile size 3087M)
current process WorkingSet (physical memory assigned to process): 8M, peak: 8M
current process commit charge ("private bytes"): 3M, peak: 3M

vm_info: OpenJDK 64-Bit Server VM (19.0.2+7-FR) for windows-amd64 JRE (19.0.2+7-FR), built on Jan 13 2023 22:53:32 by "Administrator" with MS VC++ 15.9 (VS2017)

END.
